This is a multi-thread run using 12 threads
/home/zl53a/Q-Chem_5.3/development/exe/qcprog.exe .DSSC9.in.42224.qcin.1 /tmp/zl21a/DSSC9/

------------------------------------------------------------
Sender: LSF System <lsfadmin@c09b01>
Subject: Job 2953004: <DSSC9> in cluster <umghpcc> Done

Job <DSSC9> was submitted from host <ghpcc06> by user <zl21a> in cluster <umghpcc> at Fri Feb 12 10:19:26 2021
Job was executed on host(s) <12*c09b01>, in queue <long>, as user <zl21a> in cluster <umghpcc> at Fri Feb 12 10:19:26 2021
</home/zl21a> was used as the home directory.
</home/zl21a/jcw/DSSC/optimize/DSSC9> was used as the working directory.
Started at Fri Feb 12 10:19:26 2021
Terminated at Fri Feb 12 21:23:55 2021
Results reported at Fri Feb 12 21:23:55 2021

Your job looked like:

------------------------------------------------------------
# LSBATCH: User input
#!/bin/bash
#BSUB -J DSSC9 #Job name
#BSUB -q long #Computing queue to submit your job to, including long, long, interactive, parallel, and GPC
#BSUB -W 168:00 #Time limit
#BSUB -n 12 #Number of cores in total
#BSUB -R span[hosts=1] #Number of nodes where we want the cores to belong. Usually it is 1.
#BSUB -R rusage[mem=4000] #Memory required by each core
#BSUB -oo DSSC9.log #Log file
#BSUB -eo DSSC9.err #Error file

export NL=/nl/uma_zhou_lin/packages/Q-Chem_5.3/development #Q-Chem source codes in the nearline directory.
export QCROOT=/home/zl53a/Q-Chem_5.3 #Root directory for Q-Chem in my home directory.
export QC=$QCROOT/development #If you prefer the commercial version please set export QC=$QCROOT/commercial
export QCSRC=$NL #Q-Chem source files
export QCAUX=$QC/qcaux #Q-Chem auxiliary files
export QCBIN=$QC/bin #Q-Chem binary files
export QCHEM=$QCBIN/qchem #Q-Chem running script shell
export QCSCRATCH=/tmp/$USER #Local scratch folder under your username, located on the computing node.
export MYSCRATCH=/home/$USER/scratch #Global scratch folder in your home directory. This is subject to change.
unset QCLOCALSCR #Make sure this is unset. Q-Chem has a bug there.
export JOBID=DSSC9 #Job ID. This is subject to change.

#If the environemntal varaibles are not specified.
if [ -e $QCBIN/qchem.setup.sh ]
then
  $QCBIN/qchem.setup.sh
fi

#If the local scratch folder does not exist
if [ ! -e $QCSCRATCH ]
then
  mkdir $QCSCRATCH
fi

#If the global scratch folder does not exist
if [ ! -e $MYSCRATCH ]
then
  mkdir $MYSCRATCH
fi

$QCHEM -save -nt 12 $JOBID.in $JOBID.out $JOBID #Run Q-Chem over x (subject to change) core and save the scratch files. $JOBID.in $JOBID.out $JOBID represents the input file, output file, and the scratch folder name. They are all subject to change.
rm -rf $QCSCRATCH/$JOBID/ #Delete the scratch folder from the computing node. This is optional.

------------------------------------------------------------

Successfully completed.

Resource usage summary:

    CPU time :                                   306433.00 sec.
    Max Memory :                                 1206 MB
    Average Memory :                             855.06 MB
    Total Requested Memory :                     48000.00 MB
    Delta Memory :                               46794.00 MB
    Max Swap :                                   4 MB
    Max Processes :                              6
    Max Threads :                                18
    Run time :                                   39873 sec.
    Turnaround time :                            39869 sec.

The output (if any) is above this job summary.



PS:

Read file <DSSC9.err> for stderr output of this job.

